00:56:25.146 INFO - Launching a standalone Selenium Server
00:56:25.176 INFO - Java: Oracle Corporation 25.102-b14
00:56:25.177 INFO - OS: Mac OS X 10.12.1 x86_64
00:56:25.190 INFO - v2.53.1, with Core v2.53.1. Built from revision a36b8b1
00:56:25.247 INFO - Driver provider org.openqa.selenium.ie.InternetExplorerDriver registration is skipped:
registration capabilities Capabilities [{ensureCleanSession=true, browserName=internet explorer, version=, platform=WINDOWS}] does not match the current platform MAC
00:56:25.248 INFO - Driver provider org.openqa.selenium.edge.EdgeDriver registration is skipped:
registration capabilities Capabilities [{browserName=MicrosoftEdge, version=, platform=WINDOWS}] does not match the current platform MAC
00:56:25.248 INFO - Driver class not found: com.opera.core.systems.OperaDriver
00:56:25.248 INFO - Driver provider com.opera.core.systems.OperaDriver is not registered
00:56:25.249 INFO - Driver class not found: org.openqa.selenium.htmlunit.HtmlUnitDriver
00:56:25.249 INFO - Driver provider org.openqa.selenium.htmlunit.HtmlUnitDriver is not registered
00:56:25.299 INFO - RemoteWebDriver instances should connect to: http://127.0.0.1:4444/wd/hub
00:56:25.299 INFO - Selenium Server is up and running
00:56:26.585 INFO - Executing: [new session: Capabilities [{acceptSslCerts=true, phantomjs.binary.path=/usr/local/bin/phantomjs, phantomjs.page.settings.userAgent=Mozilla/5.0 (Macintosh; Intel Mac OS X 10_10_5) AppleWebKit/537.36 (KHTML, like Gecko) Chrome/46.0.2490.80 Safari/537.36, browserName=phantomjs, javascriptEnabled=true, phantomjs.cli.args=[--ignore-ssl-errors=true], platform=ANY}]])
00:56:26.594 INFO - Creating a new session for Capabilities [{acceptSslCerts=true, phantomjs.binary.path=/usr/local/bin/phantomjs, phantomjs.page.settings.userAgent=Mozilla/5.0 (Macintosh; Intel Mac OS X 10_10_5) AppleWebKit/537.36 (KHTML, like Gecko) Chrome/46.0.2490.80 Safari/537.36, browserName=phantomjs, javascriptEnabled=true, phantomjs.cli.args=[--ignore-ssl-errors=true], platform=ANY}]
00:56:26.601 INFO - executable: /usr/local/bin/phantomjs
00:56:26.601 INFO - port: 43675
00:56:26.601 INFO - arguments: [--ignore-ssl-errors=true, --webdriver=43675, --webdriver-logfile=/Users/Ray/Projects/vue-grid/phantomjsdriver.log]
00:56:26.601 INFO - environment: {}
[INFO  - 2016-11-11T16:56:27.968Z] GhostDriver - Main - running on port 43675
[INFO  - 2016-11-11T16:56:28.174Z] Session [c9aa76a0-a82f-11e6-ad1b-df4432d1ce04] - page.settings - {"XSSAuditingEnabled":false,"javascriptCanCloseWindows":true,"javascriptCanOpenWindows":true,"javascriptEnabled":true,"loadImages":true,"localToRemoteUrlAccessEnabled":false,"userAgent":"Mozilla/5.0 (Macintosh; Intel Mac OS X 10_10_5) AppleWebKit/537.36 (KHTML, like Gecko) Chrome/46.0.2490.80 Safari/537.36","webSecurityEnabled":true}
[INFO  - 2016-11-11T16:56:28.174Z] Session [c9aa76a0-a82f-11e6-ad1b-df4432d1ce04] - page.customHeaders:  - {}
[INFO  - 2016-11-11T16:56:28.174Z] Session [c9aa76a0-a82f-11e6-ad1b-df4432d1ce04] - Session.negotiatedCapabilities - {"browserName":"phantomjs","version":"2.1.1","driverName":"ghostdriver","driverVersion":"1.2.0","platform":"mac-unknown-64bit","javascriptEnabled":true,"takesScreenshot":true,"handlesAlerts":false,"databaseEnabled":false,"locationContextEnabled":false,"applicationCacheEnabled":false,"browserConnectionEnabled":false,"cssSelectorsEnabled":true,"webStorageEnabled":false,"rotatable":false,"acceptSslCerts":false,"nativeEvents":true,"proxy":{"proxyType":"direct"},"phantomjs.page.settings.userAgent":"Mozilla/5.0 (Macintosh; Intel Mac OS X 10_10_5) AppleWebKit/537.36 (KHTML, like Gecko) Chrome/46.0.2490.80 Safari/537.36"}
[INFO  - 2016-11-11T16:56:28.174Z] SessionManagerReqHand - _postNewSessionCommand - New Session Created: c9aa76a0-a82f-11e6-ad1b-df4432d1ce04
00:56:28.198 INFO - Done: [new session: Capabilities [{acceptSslCerts=true, phantomjs.binary.path=/usr/local/bin/phantomjs, phantomjs.page.settings.userAgent=Mozilla/5.0 (Macintosh; Intel Mac OS X 10_10_5) AppleWebKit/537.36 (KHTML, like Gecko) Chrome/46.0.2490.80 Safari/537.36, browserName=phantomjs, javascriptEnabled=true, phantomjs.cli.args=[--ignore-ssl-errors=true], platform=ANY}]]
00:56:32.418 INFO - Executing: [get: http://localhost:8080])
00:56:47.376 INFO - Done: [get: http://localhost:8080]
00:56:47.383 INFO - Executing: [find elements: By.cssSelector: #app])
00:56:47.406 INFO - Done: [find elements: By.cssSelector: #app]
00:56:47.409 INFO - Executing: [is displayed: 0 [[PhantomJSDriver: phantomjs on MAC (c9aa76a0-a82f-11e6-ad1b-df4432d1ce04)] -> css selector: #app]])
00:56:47.424 INFO - Done: [is displayed: 0 [[PhantomJSDriver: phantomjs on MAC (c9aa76a0-a82f-11e6-ad1b-df4432d1ce04)] -> css selector: #app]]
00:56:47.433 INFO - Executing: [find element: By.cssSelector: input[type="search"]])
00:56:47.444 INFO - Done: [find element: By.cssSelector: input[type="search"]]
00:56:47.447 INFO - Executing: [send keys: 1 [[PhantomJSDriver: phantomjs on MAC (c9aa76a0-a82f-11e6-ad1b-df4432d1ce04)] -> css selector: input[type="search"]], [大, 数, 据]])
00:56:47.501 INFO - Done: [send keys: 1 [[PhantomJSDriver: phantomjs on MAC (c9aa76a0-a82f-11e6-ad1b-df4432d1ce04)] -> css selector: input[type="search"]], [大, 数, 据]]
00:56:47.508 INFO - Executing: [find elements: By.cssSelector: a[title*="大数据"]])
00:56:47.520 INFO - Done: [find elements: By.cssSelector: a[title*="大数据"]]
00:56:47.525 INFO - Executing: [find elements: By.cssSelector: :not(a[title*="大数据"])])
[ERROR - 2016-11-11T16:56:47.753Z] WebElementLocator - _handleLocateCommand - Element(s) NOT Found: GAVE UP. Search Stop Time: 1478883407728

  phantomjs://platform/console++.js:263 in error
00:56:48.601 WARN - Exception thrown
org.openqa.selenium.InvalidElementStateException: {"errorMessage":"SyntaxError: DOM Exception 12","request":{"headers":{"Accept-Encoding":"gzip,deflate","Connection":"Keep-Alive","Content-Length":"64","Content-Type":"application/json; charset=utf-8","Host":"localhost:43675","User-Agent":"Apache-HttpClient/4.5.1 (Java/1.8.0_102)"},"httpVersion":"1.1","method":"POST","post":"{\"using\":\"css selector\",\"value\":\":not(a[title*=\\\"大数据\\\"])\"}","url":"/elements","urlParsed":{"anchor":"","query":"","file":"elements","directory":"/","path":"/elements","relative":"/elements","port":"","host":"","password":"","user":"","userInfo":"","authority":"","protocol":"","source":"/elements","queryKey":{},"chunks":["elements"]},"urlOriginal":"/session/c9aa76a0-a82f-11e6-ad1b-df4432d1ce04/elements"}}
Command duration or timeout: 346 milliseconds
Build info: version: '2.53.1', revision: 'a36b8b1', time: '2016-06-30 17:37:03'
System info: host: 'RayOSX.local', ip: '192.168.1.107', os.name: 'Mac OS X', os.arch: 'x86_64', os.version: '10.12.1', java.version: '1.8.0_102'
Driver info: org.openqa.selenium.phantomjs.PhantomJSDriver
Capabilities [{applicationCacheEnabled=false, rotatable=false, handlesAlerts=false, databaseEnabled=false, version=2.1.1, platform=MAC, browserConnectionEnabled=false, proxy={proxyType=direct}, nativeEvents=true, acceptSslCerts=false, driverVersion=1.2.0, phantomjs.page.settings.userAgent=Mozilla/5.0 (Macintosh; Intel Mac OS X 10_10_5) AppleWebKit/537.36 (KHTML, like Gecko) Chrome/46.0.2490.80 Safari/537.36, locationContextEnabled=false, webStorageEnabled=false, browserName=phantomjs, takesScreenshot=true, driverName=ghostdriver, javascriptEnabled=true, cssSelectorsEnabled=true}]
Session ID: c9aa76a0-a82f-11e6-ad1b-df4432d1ce04
*** Element info: {Using=css selector, value=:not(a[title*="大数据"])}
	at sun.reflect.NativeConstructorAccessorImpl.newInstance0(Native Method)
	at sun.reflect.NativeConstructorAccessorImpl.newInstance(NativeConstructorAccessorImpl.java:62)
	at sun.reflect.DelegatingConstructorAccessorImpl.newInstance(DelegatingConstructorAccessorImpl.java:45)
	at java.lang.reflect.Constructor.newInstance(Constructor.java:423)
	at org.openqa.selenium.remote.ErrorHandler.createThrowable(ErrorHandler.java:206)
	at org.openqa.selenium.remote.ErrorHandler.throwIfResponseFailed(ErrorHandler.java:158)
	at org.openqa.selenium.remote.RemoteWebDriver.execute(RemoteWebDriver.java:678)
	at org.openqa.selenium.remote.RemoteWebDriver.findElements(RemoteWebDriver.java:388)
	at org.openqa.selenium.remote.RemoteWebDriver.findElementsByCssSelector(RemoteWebDriver.java:496)
	at org.openqa.selenium.By$ByCssSelector.findElements(By.java:441)
	at org.openqa.selenium.remote.RemoteWebDriver.findElements(RemoteWebDriver.java:351)
	at sun.reflect.NativeMethodAccessorImpl.invoke0(Native Method)
	at sun.reflect.NativeMethodAccessorImpl.invoke(NativeMethodAccessorImpl.java:62)
	at sun.reflect.DelegatingMethodAccessorImpl.invoke(DelegatingMethodAccessorImpl.java:43)
	at java.lang.reflect.Method.invoke(Method.java:498)
	at org.openqa.selenium.support.events.EventFiringWebDriver$2.invoke(EventFiringWebDriver.java:103)
	at com.sun.proxy.$Proxy1.findElements(Unknown Source)
	at org.openqa.selenium.support.events.EventFiringWebDriver.findElements(EventFiringWebDriver.java:177)
	at org.openqa.selenium.remote.server.handler.FindElements.call(FindElements.java:50)
	at org.openqa.selenium.remote.server.handler.FindElements.call(FindElements.java:1)
	at java.util.concurrent.FutureTask.run(FutureTask.java:266)
	at org.openqa.selenium.remote.server.DefaultSession$1.run(DefaultSession.java:176)
	at java.util.concurrent.ThreadPoolExecutor.runWorker(ThreadPoolExecutor.java:1142)
	at java.util.concurrent.ThreadPoolExecutor$Worker.run(ThreadPoolExecutor.java:617)
	at java.lang.Thread.run(Thread.java:745)
Caused by: org.openqa.selenium.remote.ScreenshotException: Screen shot has been taken
Build info: version: '2.53.1', revision: 'a36b8b1', time: '2016-06-30 17:37:03'
System info: host: 'RayOSX.local', ip: '192.168.1.107', os.name: 'Mac OS X', os.arch: 'x86_64', os.version: '10.12.1', java.version: '1.8.0_102'
Driver info: driver.version: EventFiringWebDriver
	at org.openqa.selenium.remote.ErrorHandler.throwIfResponseFailed(ErrorHandler.java:138)
	... 19 more
Caused by: org.openqa.selenium.InvalidElementStateException: {"errorMessage":"SyntaxError: DOM Exception 12","request":{"headers":{"Accept-Encoding":"gzip,deflate","Connection":"Keep-Alive","Content-Length":"64","Content-Type":"application/json; charset=utf-8","Host":"localhost:43675","User-Agent":"Apache-HttpClient/4.5.1 (Java/1.8.0_102)"},"httpVersion":"1.1","method":"POST","post":"{\"using\":\"css selector\",\"value\":\":not(a[title*=\\\"大数据\\\"])\"}","url":"/elements","urlParsed":{"anchor":"","query":"","file":"elements","directory":"/","path":"/elements","relative":"/elements","port":"","host":"","password":"","user":"","userInfo":"","authority":"","protocol":"","source":"/elements","queryKey":{},"chunks":["elements"]},"urlOriginal":"/session/c9aa76a0-a82f-11e6-ad1b-df4432d1ce04/elements"}}
Build info: version: '2.53.1', revision: 'a36b8b1', time: '2016-06-30 17:37:03'
System info: host: 'RayOSX.local', ip: '192.168.1.107', os.name: 'Mac OS X', os.arch: 'x86_64', os.version: '10.12.1', java.version: '1.8.0_102'
Driver info: driver.version: unknown
00:56:48.605 WARN - Exception: {"errorMessage":"SyntaxError: DOM Exception 12","request":{"headers":{"Accept-Encoding":"gzip,deflate","Connection":"Keep-Alive","Content-Length":"64","Content-Type":"application/json; charset=utf-8","Host":"localhost:43675","User-Agent":"Apache-HttpClient/4.5.1 (Java/1.8.0_102)"},"httpVersion":"1.1","method":"POST","post":"{\"using\":\"css selector\",\"value\":\":not(a[title*=\\\"大数据\\\"])\"}","url":"/elements","urlParsed":{"anchor":"","query":"","file":"elements","directory":"/","path":"/elements","relative":"/elements","port":"","host":"","password":"","user":"","userInfo":"","authority":"","protocol":"","source":"/elements","queryKey":{},"chunks":["elements"]},"urlOriginal":"/session/c9aa76a0-a82f-11e6-ad1b-df4432d1ce04/elements"}}
Build info: version: '2.53.1', revision: 'a36b8b1', time: '2016-06-30 17:37:03'
System info: host: 'RayOSX.local', ip: '192.168.1.107', os.name: 'Mac OS X', os.arch: 'x86_64', os.version: '10.12.1', java.version: '1.8.0_102'
Driver info: driver.version: unknown
00:56:48.652 INFO - Executing: [get: http://localhost:8080])
00:56:48.774 INFO - Done: [get: http://localhost:8080]
00:56:48.778 INFO - Executing: [find elements: By.cssSelector: #app])
00:56:48.785 INFO - Done: [find elements: By.cssSelector: #app]
00:56:48.789 INFO - Executing: [is displayed: 3 [[PhantomJSDriver: phantomjs on MAC (c9aa76a0-a82f-11e6-ad1b-df4432d1ce04)] -> css selector: #app]])
00:56:48.800 INFO - Done: [is displayed: 3 [[PhantomJSDriver: phantomjs on MAC (c9aa76a0-a82f-11e6-ad1b-df4432d1ce04)] -> css selector: #app]]
00:56:48.805 INFO - Executing: [find element: By.cssSelector: input[data-isbn="978-7-121-28466-3"]])
00:56:48.815 INFO - Done: [find element: By.cssSelector: input[data-isbn="978-7-121-28466-3"]]
00:56:48.818 INFO - Executing: [click: 4 [[PhantomJSDriver: phantomjs on MAC (c9aa76a0-a82f-11e6-ad1b-df4432d1ce04)] -> css selector: input[data-isbn="978-7-121-28466-3"]]])
00:56:48.857 INFO - Done: [click: 4 [[PhantomJSDriver: phantomjs on MAC (c9aa76a0-a82f-11e6-ad1b-df4432d1ce04)] -> css selector: input[data-isbn="978-7-121-28466-3"]]]
00:56:48.863 INFO - Executing: [find elements: By.cssSelector: #btn-delete])
00:56:48.874 INFO - Done: [find elements: By.cssSelector: #btn-delete]
00:56:48.878 INFO - Executing: [get: http://localhost:8080])
00:56:49.000 INFO - Done: [get: http://localhost:8080]
00:56:49.004 INFO - Executing: [find elements: By.cssSelector: #app])
00:56:49.011 INFO - Done: [find elements: By.cssSelector: #app]
00:56:49.014 INFO - Executing: [is displayed: 6 [[PhantomJSDriver: phantomjs on MAC (c9aa76a0-a82f-11e6-ad1b-df4432d1ce04)] -> css selector: #app]])
00:56:49.026 INFO - Done: [is displayed: 6 [[PhantomJSDriver: phantomjs on MAC (c9aa76a0-a82f-11e6-ad1b-df4432d1ce04)] -> css selector: #app]]
00:56:49.031 INFO - Executing: [find element: By.cssSelector: input[data-isbn="978-7-121-28466-3"]])
00:56:49.057 INFO - Done: [find element: By.cssSelector: input[data-isbn="978-7-121-28466-3"]]
00:56:49.060 INFO - Executing: [click: 7 [[PhantomJSDriver: phantomjs on MAC (c9aa76a0-a82f-11e6-ad1b-df4432d1ce04)] -> css selector: input[data-isbn="978-7-121-28466-3"]]])
00:56:49.100 INFO - Done: [click: 7 [[PhantomJSDriver: phantomjs on MAC (c9aa76a0-a82f-11e6-ad1b-df4432d1ce04)] -> css selector: input[data-isbn="978-7-121-28466-3"]]]
00:56:49.106 INFO - Executing: [find element: By.cssSelector: input[data-isbn="978-7-121-28413-7"]])
00:56:49.116 INFO - Done: [find element: By.cssSelector: input[data-isbn="978-7-121-28413-7"]]
00:56:49.119 INFO - Executing: [click: 8 [[PhantomJSDriver: phantomjs on MAC (c9aa76a0-a82f-11e6-ad1b-df4432d1ce04)] -> css selector: input[data-isbn="978-7-121-28413-7"]]])
00:56:49.153 INFO - Done: [click: 8 [[PhantomJSDriver: phantomjs on MAC (c9aa76a0-a82f-11e6-ad1b-df4432d1ce04)] -> css selector: input[data-isbn="978-7-121-28413-7"]]]
00:56:49.159 INFO - Executing: [find elements: By.cssSelector: #btn-delete])
00:56:49.165 INFO - Done: [find elements: By.cssSelector: #btn-delete]
00:56:49.170 INFO - Executing: [get: http://localhost:8080])
00:56:49.291 INFO - Done: [get: http://localhost:8080]
00:56:49.295 INFO - Executing: [find elements: By.cssSelector: #app])
00:56:49.302 INFO - Done: [find elements: By.cssSelector: #app]
00:56:49.304 INFO - Executing: [is displayed: 10 [[PhantomJSDriver: phantomjs on MAC (c9aa76a0-a82f-11e6-ad1b-df4432d1ce04)] -> css selector: #app]])
00:56:49.317 INFO - Done: [is displayed: 10 [[PhantomJSDriver: phantomjs on MAC (c9aa76a0-a82f-11e6-ad1b-df4432d1ce04)] -> css selector: #app]]
00:56:49.322 INFO - Executing: [find element: By.cssSelector: input[data-isbn="978-7-121-28466-3"]])
00:56:49.328 INFO - Done: [find element: By.cssSelector: input[data-isbn="978-7-121-28466-3"]]
00:56:49.331 INFO - Executing: [click: 11 [[PhantomJSDriver: phantomjs on MAC (c9aa76a0-a82f-11e6-ad1b-df4432d1ce04)] -> css selector: input[data-isbn="978-7-121-28466-3"]]])
00:56:49.370 INFO - Done: [click: 11 [[PhantomJSDriver: phantomjs on MAC (c9aa76a0-a82f-11e6-ad1b-df4432d1ce04)] -> css selector: input[data-isbn="978-7-121-28466-3"]]]
00:56:49.376 INFO - Executing: [find element: By.cssSelector: input[data-isbn="978-7-121-28413-7"]])
00:56:49.383 INFO - Done: [find element: By.cssSelector: input[data-isbn="978-7-121-28413-7"]]
00:56:49.385 INFO - Executing: [click: 12 [[PhantomJSDriver: phantomjs on MAC (c9aa76a0-a82f-11e6-ad1b-df4432d1ce04)] -> css selector: input[data-isbn="978-7-121-28413-7"]]])
00:56:49.420 INFO - Done: [click: 12 [[PhantomJSDriver: phantomjs on MAC (c9aa76a0-a82f-11e6-ad1b-df4432d1ce04)] -> css selector: input[data-isbn="978-7-121-28413-7"]]]
00:56:49.425 INFO - Executing: [find element: By.cssSelector: input[data-isbn="978-7-121-28466-3"]])
00:56:49.431 INFO - Done: [find element: By.cssSelector: input[data-isbn="978-7-121-28466-3"]]
00:56:49.435 INFO - Executing: [click: 11 [[PhantomJSDriver: phantomjs on MAC (c9aa76a0-a82f-11e6-ad1b-df4432d1ce04)] -> css selector: input[data-isbn="978-7-121-28466-3"]]])
00:56:49.464 INFO - Done: [click: 11 [[PhantomJSDriver: phantomjs on MAC (c9aa76a0-a82f-11e6-ad1b-df4432d1ce04)] -> css selector: input[data-isbn="978-7-121-28466-3"]]]
00:56:49.470 INFO - Executing: [find elements: By.cssSelector: #btn-delete])
00:56:49.477 INFO - Done: [find elements: By.cssSelector: #btn-delete]
00:56:49.482 INFO - Executing: [get: http://localhost:8080])
00:56:49.603 INFO - Done: [get: http://localhost:8080]
00:56:49.608 INFO - Executing: [find elements: By.cssSelector: #app])
00:56:49.615 INFO - Done: [find elements: By.cssSelector: #app]
00:56:49.617 INFO - Executing: [is displayed: 14 [[PhantomJSDriver: phantomjs on MAC (c9aa76a0-a82f-11e6-ad1b-df4432d1ce04)] -> css selector: #app]])
00:56:49.629 INFO - Done: [is displayed: 14 [[PhantomJSDriver: phantomjs on MAC (c9aa76a0-a82f-11e6-ad1b-df4432d1ce04)] -> css selector: #app]]
00:56:49.632 INFO - Executing: [find element: By.cssSelector: input[data-isbn="978-7-121-28466-3"]])
00:56:49.638 INFO - Done: [find element: By.cssSelector: input[data-isbn="978-7-121-28466-3"]]
00:56:49.640 INFO - Executing: [click: 15 [[PhantomJSDriver: phantomjs on MAC (c9aa76a0-a82f-11e6-ad1b-df4432d1ce04)] -> css selector: input[data-isbn="978-7-121-28466-3"]]])
00:56:49.704 INFO - Done: [click: 15 [[PhantomJSDriver: phantomjs on MAC (c9aa76a0-a82f-11e6-ad1b-df4432d1ce04)] -> css selector: input[data-isbn="978-7-121-28466-3"]]]
00:56:49.708 INFO - Executing: [find element: By.cssSelector: input[data-isbn="978-7-121-28413-7"]])
00:56:49.715 INFO - Done: [find element: By.cssSelector: input[data-isbn="978-7-121-28413-7"]]
00:56:49.717 INFO - Executing: [click: 16 [[PhantomJSDriver: phantomjs on MAC (c9aa76a0-a82f-11e6-ad1b-df4432d1ce04)] -> css selector: input[data-isbn="978-7-121-28413-7"]]])
00:56:49.751 INFO - Done: [click: 16 [[PhantomJSDriver: phantomjs on MAC (c9aa76a0-a82f-11e6-ad1b-df4432d1ce04)] -> css selector: input[data-isbn="978-7-121-28413-7"]]]
00:56:49.756 INFO - Executing: [find element: By.cssSelector: input[data-isbn="978-7-121-28466-3"]])
00:56:49.763 INFO - Done: [find element: By.cssSelector: input[data-isbn="978-7-121-28466-3"]]
00:56:49.765 INFO - Executing: [click: 15 [[PhantomJSDriver: phantomjs on MAC (c9aa76a0-a82f-11e6-ad1b-df4432d1ce04)] -> css selector: input[data-isbn="978-7-121-28466-3"]]])
00:56:49.793 INFO - Done: [click: 15 [[PhantomJSDriver: phantomjs on MAC (c9aa76a0-a82f-11e6-ad1b-df4432d1ce04)] -> css selector: input[data-isbn="978-7-121-28466-3"]]]
00:56:49.799 INFO - Executing: [find element: By.cssSelector: input[data-isbn="978-7-121-28413-7"]])
00:56:49.805 INFO - Done: [find element: By.cssSelector: input[data-isbn="978-7-121-28413-7"]]
00:56:49.808 INFO - Executing: [click: 16 [[PhantomJSDriver: phantomjs on MAC (c9aa76a0-a82f-11e6-ad1b-df4432d1ce04)] -> css selector: input[data-isbn="978-7-121-28413-7"]]])
00:56:49.833 INFO - Done: [click: 16 [[PhantomJSDriver: phantomjs on MAC (c9aa76a0-a82f-11e6-ad1b-df4432d1ce04)] -> css selector: input[data-isbn="978-7-121-28413-7"]]]
00:56:49.840 INFO - Executing: [find elements: By.cssSelector: #btn-delete])
00:56:49.847 INFO - Done: [find elements: By.cssSelector: #btn-delete]
00:56:49.851 INFO - Executing: [take screenshot])
00:56:50.338 INFO - Done: [take screenshot]
00:56:50.457 INFO - Executing: [delete session: 2727e350-058a-4ce2-a7b6-b4ab19e5d6c9])
[INFO  - 2016-11-11T16:56:50.464Z] ShutdownReqHand - _handle - About to shutdown
00:56:50.517 INFO - Done: [delete session: 2727e350-058a-4ce2-a7b6-b4ab19e5d6c9]
